Database Export report for sigma_delta
Thu Mar 01 10:35:57 2007
Version 6.0 Build 178 04/27/2006 SJ Full Version


---------------------
; Table of Contents ;
---------------------
  1. Legal Notice
  2. Database Export Summary
  3. Database Export Messages



----------------
; Legal Notice ;
----------------
Copyright (C) 1991-2006 Altera Corporation
Your use of Altera Corporation's design tools, logic functions 
and other software and tools, and its AMPP partner logic 
functions, and any output files any of the foregoing 
(including device programming or simulation files), and any 
associated documentation or information are expressly subject 
to the terms and conditions of the Altera Program License 
Subscription Agreement, Altera MegaCore Function License 
Agreement, or other applicable license agreement, including, 
without limitation, that your use is for the sole purpose of 
programming logic devices manufactured by Altera and sold by 
Altera or its authorized distributors.  Please refer to the 
applicable agreement for further details.



+----------------------------------------------------------------+
; Database Export Summary                                        ;
+------------------------+---------------------------------------+
; Database Export Status ; Successful - Thu Mar 01 10:35:57 2007 ;
; Revision Name          ; sigma_delta                           ;
; Top-level Entity Name  ; sigma_delta                           ;
; Family                 ; Stratix II                            ;
; Device                 ; EP2S60F1020C5                         ;
+------------------------+---------------------------------------+


+--------------------------+
; Database Export Messages ;
+--------------------------+
Info: *******************************************************************
Info: Running Quartus II Database Export
    Info: Version 6.0 Build 178 04/27/2006 SJ Full Version
    Info: Processing started: Thu Mar 01 10:35:25 2007
Info: Command: quartus_cdb sigma_delta -c sigma_delta --export_database=export_db
Info: Successfully exported the post-synthesis database
Info: Successfully exported the post-fitter database
Info: Quartus II Database Export was successful. 0 errors, 0 warnings
    Info: Processing ended: Thu Mar 01 10:35:55 2007
    Info: Elapsed time: 00:00:31


